INFO  - 2019-12-02 17:57:28,526 - ------------------------------------------------
INFO  - 2019-12-02 17:57:28,526 - Start of the program
INFO  - 2019-12-02 17:57:28,526 - ------------------------------------------------
INFO  - 2019-12-02 17:57:28,526 - init_weights executed
INFO  - 2019-12-02 17:57:28,526 - __init__ executed
INFO  - 2019-12-02 17:57:28,526 - Train-method executed
INFO  - 2019-12-02 17:57:28,526 - full_forward executed
INFO  - 2019-12-02 17:57:28,526 - Backprop executed
INFO  - 2019-12-02 17:57:28,527 - full_forward executed
INFO  - 2019-12-02 17:57:28,527 - Backprop executed
INFO  - 2019-12-02 17:57:28,528 - full_forward executed
INFO  - 2019-12-02 17:57:28,528 - Backprop executed
INFO  - 2019-12-02 17:57:28,529 - full_forward executed
INFO  - 2019-12-02 17:57:28,529 - Backprop executed
INFO  - 2019-12-02 17:57:28,530 - full_forward executed
INFO  - 2019-12-02 17:57:28,530 - Backprop executed
INFO  - 2019-12-02 17:57:28,530 - full_forward executed
INFO  - 2019-12-02 17:57:28,530 - Backprop executed
INFO  - 2019-12-02 17:57:28,531 - full_forward executed
INFO  - 2019-12-02 17:57:28,531 - Backprop executed
INFO  - 2019-12-02 17:57:28,532 - full_forward executed
INFO  - 2019-12-02 17:57:28,532 - Backprop executed
INFO  - 2019-12-02 17:57:28,532 - full_forward executed
INFO  - 2019-12-02 17:57:28,532 - Backprop executed
INFO  - 2019-12-02 17:57:28,533 - full_forward executed
INFO  - 2019-12-02 17:57:28,533 - Backprop executed
INFO  - 2019-12-02 17:57:28,534 - full_forward executed
INFO  - 2019-12-02 17:57:28,534 - Backprop executed
INFO  - 2019-12-02 17:57:28,534 - full_forward executed
INFO  - 2019-12-02 17:57:28,535 - Backprop executed
INFO  - 2019-12-02 17:57:28,535 - full_forward executed
INFO  - 2019-12-02 17:57:28,535 - Backprop executed
INFO  - 2019-12-02 17:57:28,536 - full_forward executed
INFO  - 2019-12-02 17:57:28,536 - Backprop executed
INFO  - 2019-12-02 17:57:28,536 - full_forward executed
INFO  - 2019-12-02 17:57:28,537 - Backprop executed
INFO  - 2019-12-02 17:57:28,537 - full_forward executed
INFO  - 2019-12-02 17:57:28,537 - Backprop executed
INFO  - 2019-12-02 17:57:28,538 - full_forward executed
INFO  - 2019-12-02 17:57:28,538 - Backprop executed
INFO  - 2019-12-02 17:57:28,539 - full_forward executed
INFO  - 2019-12-02 17:57:28,539 - Backprop executed
INFO  - 2019-12-02 17:57:28,539 - full_forward executed
INFO  - 2019-12-02 17:57:28,539 - Backprop executed
INFO  - 2019-12-02 17:57:28,540 - full_forward executed
INFO  - 2019-12-02 17:57:28,540 - Backprop executed
INFO  - 2019-12-02 18:15:15,865 - ------------------------------------------------
INFO  - 2019-12-02 18:15:15,865 - Start of the program
INFO  - 2019-12-02 18:15:15,865 - ------------------------------------------------
INFO  - 2019-12-02 18:15:15,865 - init_weights executed
INFO  - 2019-12-02 18:15:15,865 - __init__ executed
INFO  - 2019-12-02 18:15:15,866 - Train-method executed
INFO  - 2019-12-02 18:15:15,866 - full_forward executed
INFO  - 2019-12-02 18:15:15,866 - Backprop executed
INFO  - 2019-12-02 18:15:15,867 - full_forward executed
INFO  - 2019-12-02 18:15:15,867 - Backprop executed
INFO  - 2019-12-02 18:15:15,867 - full_forward executed
INFO  - 2019-12-02 18:15:15,867 - Backprop executed
INFO  - 2019-12-02 18:15:15,868 - full_forward executed
INFO  - 2019-12-02 18:15:15,868 - Backprop executed
INFO  - 2019-12-02 18:15:15,869 - full_forward executed
INFO  - 2019-12-02 18:15:15,869 - Backprop executed
INFO  - 2019-12-02 18:15:15,869 - full_forward executed
INFO  - 2019-12-02 18:15:15,869 - Backprop executed
INFO  - 2019-12-02 18:15:15,870 - full_forward executed
INFO  - 2019-12-02 18:15:15,870 - Backprop executed
INFO  - 2019-12-02 18:15:15,871 - full_forward executed
INFO  - 2019-12-02 18:15:15,871 - Backprop executed
INFO  - 2019-12-02 18:15:15,871 - full_forward executed
INFO  - 2019-12-02 18:15:15,871 - Backprop executed
INFO  - 2019-12-02 18:15:15,872 - full_forward executed
INFO  - 2019-12-02 18:15:15,872 - Backprop executed
INFO  - 2019-12-02 18:15:15,873 - full_forward executed
INFO  - 2019-12-02 18:15:15,873 - Backprop executed
INFO  - 2019-12-02 18:15:15,874 - full_forward executed
INFO  - 2019-12-02 18:15:15,874 - Backprop executed
INFO  - 2019-12-02 18:15:15,874 - full_forward executed
INFO  - 2019-12-02 18:15:15,874 - Backprop executed
INFO  - 2019-12-02 18:15:15,875 - full_forward executed
INFO  - 2019-12-02 18:15:15,875 - Backprop executed
INFO  - 2019-12-02 18:15:15,875 - full_forward executed
INFO  - 2019-12-02 18:15:15,876 - Backprop executed
INFO  - 2019-12-02 18:15:15,876 - full_forward executed
INFO  - 2019-12-02 18:15:15,877 - Backprop executed
INFO  - 2019-12-02 18:15:15,877 - full_forward executed
INFO  - 2019-12-02 18:15:15,877 - Backprop executed
INFO  - 2019-12-02 18:15:15,878 - full_forward executed
INFO  - 2019-12-02 18:15:15,878 - Backprop executed
INFO  - 2019-12-02 18:15:15,879 - full_forward executed
INFO  - 2019-12-02 18:15:15,879 - Backprop executed
INFO  - 2019-12-02 18:15:15,880 - full_forward executed
INFO  - 2019-12-02 18:15:15,880 - Backprop executed
