INFO  - 2019-12-08 13:33:05,022 - ------------------------------------------------
INFO  - 2019-12-08 13:33:05,022 - Start of the program
INFO  - 2019-12-08 13:33:05,022 - ------------------------------------------------
INFO  - 2019-12-08 13:33:05,022 - init_weights executed
INFO  - 2019-12-08 13:33:05,022 - __init__ executed
INFO  - 2019-12-08 13:33:05,022 - Train-method executed
INFO  - 2019-12-08 13:33:05,023 - full_forward executed
INFO  - 2019-12-08 13:33:05,053 - Backprop executed
INFO  - 2019-12-08 13:57:02,265 - ------------------------------------------------
INFO  - 2019-12-08 13:57:02,265 - Start of the program
INFO  - 2019-12-08 13:57:02,267 - ------------------------------------------------
INFO  - 2019-12-08 13:57:02,267 - init_weights executed
INFO  - 2019-12-08 13:57:02,267 - __init__ executed
INFO  - 2019-12-08 13:57:02,267 - Train-method executed
INFO  - 2019-12-08 13:57:02,267 - full_forward executed
INFO  - 2019-12-08 13:57:02,267 - Backprop executed
INFO  - 2019-12-08 13:57:31,836 - ------------------------------------------------
INFO  - 2019-12-08 13:57:31,836 - Start of the program
INFO  - 2019-12-08 13:57:31,836 - ------------------------------------------------
INFO  - 2019-12-08 13:57:31,836 - init_weights executed
INFO  - 2019-12-08 13:57:31,837 - __init__ executed
INFO  - 2019-12-08 13:57:31,837 - Train-method executed
INFO  - 2019-12-08 13:57:31,837 - full_forward executed
INFO  - 2019-12-08 13:57:31,838 - Backprop executed
INFO  - 2019-12-08 14:04:05,958 - ------------------------------------------------
INFO  - 2019-12-08 14:04:05,959 - Start of the program
INFO  - 2019-12-08 14:04:05,959 - ------------------------------------------------
INFO  - 2019-12-08 14:04:05,959 - init_weights executed
INFO  - 2019-12-08 14:04:05,959 - __init__ executed
INFO  - 2019-12-08 14:04:05,959 - Train-method executed
INFO  - 2019-12-08 14:04:05,959 - full_forward executed
INFO  - 2019-12-08 14:04:05,961 - Backprop executed
INFO  - 2019-12-08 14:04:29,968 - ------------------------------------------------
INFO  - 2019-12-08 14:04:29,968 - Start of the program
INFO  - 2019-12-08 14:04:29,968 - ------------------------------------------------
INFO  - 2019-12-08 14:04:29,968 - init_weights executed
INFO  - 2019-12-08 14:04:29,968 - __init__ executed
INFO  - 2019-12-08 14:04:29,968 - Train-method executed
INFO  - 2019-12-08 14:04:29,968 - full_forward executed
INFO  - 2019-12-08 14:04:29,968 - Backprop executed
INFO  - 2019-12-08 14:21:48,409 - ------------------------------------------------
INFO  - 2019-12-08 14:21:48,410 - Start of the program
INFO  - 2019-12-08 14:21:48,410 - ------------------------------------------------
INFO  - 2019-12-08 14:21:48,410 - init_weights executed
INFO  - 2019-12-08 14:21:48,410 - __init__ executed
INFO  - 2019-12-08 14:21:48,410 - Train-method executed
INFO  - 2019-12-08 14:21:48,411 - full_forward executed
INFO  - 2019-12-08 14:21:48,412 - Backprop executed
INFO  - 2019-12-08 14:22:09,996 - ------------------------------------------------
INFO  - 2019-12-08 14:22:09,997 - Start of the program
INFO  - 2019-12-08 14:22:09,997 - ------------------------------------------------
INFO  - 2019-12-08 14:22:09,997 - init_weights executed
INFO  - 2019-12-08 14:22:09,997 - __init__ executed
INFO  - 2019-12-08 14:22:09,997 - Train-method executed
INFO  - 2019-12-08 14:22:09,997 - full_forward executed
INFO  - 2019-12-08 14:22:09,998 - Backprop executed
INFO  - 2019-12-08 14:25:03,570 - ------------------------------------------------
INFO  - 2019-12-08 14:25:03,570 - Start of the program
INFO  - 2019-12-08 14:25:03,570 - ------------------------------------------------
INFO  - 2019-12-08 14:25:03,571 - init_weights executed
INFO  - 2019-12-08 14:25:03,571 - __init__ executed
INFO  - 2019-12-08 14:25:03,571 - Train-method executed
INFO  - 2019-12-08 14:25:03,571 - full_forward executed
INFO  - 2019-12-08 14:25:03,572 - Backprop executed
INFO  - 2019-12-08 14:31:46,071 - ------------------------------------------------
INFO  - 2019-12-08 14:31:46,072 - Start of the program
INFO  - 2019-12-08 14:31:46,072 - ------------------------------------------------
INFO  - 2019-12-08 14:31:46,072 - init_weights executed
INFO  - 2019-12-08 14:31:46,072 - __init__ executed
INFO  - 2019-12-08 14:31:46,072 - Train-method executed
INFO  - 2019-12-08 14:31:46,072 - full_forward executed
INFO  - 2019-12-08 14:31:46,073 - Backprop executed
INFO  - 2019-12-08 14:33:58,171 - ------------------------------------------------
INFO  - 2019-12-08 14:33:58,171 - Start of the program
INFO  - 2019-12-08 14:33:58,171 - ------------------------------------------------
INFO  - 2019-12-08 14:33:58,172 - init_weights executed
INFO  - 2019-12-08 14:33:58,172 - __init__ executed
INFO  - 2019-12-08 14:33:58,172 - Train-method executed
INFO  - 2019-12-08 14:33:58,172 - full_forward executed
INFO  - 2019-12-08 14:33:58,172 - Backprop executed
INFO  - 2019-12-08 14:34:29,631 - ------------------------------------------------
INFO  - 2019-12-08 14:34:29,632 - Start of the program
INFO  - 2019-12-08 14:34:29,632 - ------------------------------------------------
INFO  - 2019-12-08 14:34:29,632 - init_weights executed
INFO  - 2019-12-08 14:34:29,632 - __init__ executed
INFO  - 2019-12-08 14:34:29,632 - Train-method executed
INFO  - 2019-12-08 14:34:29,632 - full_forward executed
INFO  - 2019-12-08 14:34:29,632 - Backprop executed
INFO  - 2019-12-08 14:35:10,408 - ------------------------------------------------
INFO  - 2019-12-08 14:35:10,408 - Start of the program
INFO  - 2019-12-08 14:35:10,408 - ------------------------------------------------
INFO  - 2019-12-08 14:35:10,408 - init_weights executed
INFO  - 2019-12-08 14:35:10,408 - __init__ executed
INFO  - 2019-12-08 14:35:10,408 - Train-method executed
INFO  - 2019-12-08 14:35:10,408 - full_forward executed
INFO  - 2019-12-08 14:35:10,408 - Backprop executed
INFO  - 2019-12-08 14:35:24,330 - ------------------------------------------------
INFO  - 2019-12-08 14:35:24,331 - Start of the program
INFO  - 2019-12-08 14:35:24,331 - ------------------------------------------------
INFO  - 2019-12-08 14:35:24,331 - init_weights executed
INFO  - 2019-12-08 14:35:24,331 - __init__ executed
INFO  - 2019-12-08 14:35:24,331 - Train-method executed
INFO  - 2019-12-08 14:35:24,331 - full_forward executed
INFO  - 2019-12-08 14:35:24,332 - Backprop executed
INFO  - 2019-12-08 14:38:18,602 - ------------------------------------------------
INFO  - 2019-12-08 14:38:18,603 - Start of the program
INFO  - 2019-12-08 14:38:18,603 - ------------------------------------------------
INFO  - 2019-12-08 14:38:18,603 - init_weights executed
INFO  - 2019-12-08 14:38:18,603 - __init__ executed
INFO  - 2019-12-08 14:38:18,603 - Train-method executed
INFO  - 2019-12-08 14:38:18,603 - full_forward executed
INFO  - 2019-12-08 14:38:18,604 - Backprop executed
INFO  - 2019-12-08 14:40:15,760 - ------------------------------------------------
INFO  - 2019-12-08 14:40:15,760 - Start of the program
INFO  - 2019-12-08 14:40:15,760 - ------------------------------------------------
INFO  - 2019-12-08 14:40:15,761 - init_weights executed
INFO  - 2019-12-08 14:40:15,761 - __init__ executed
INFO  - 2019-12-08 14:40:22,467 - Train-method executed
INFO  - 2019-12-08 14:40:22,467 - full_forward executed
INFO  - 2019-12-08 14:40:22,468 - Backprop executed
INFO  - 2019-12-08 14:40:35,428 - ------------------------------------------------
INFO  - 2019-12-08 14:40:35,428 - Start of the program
INFO  - 2019-12-08 14:40:35,429 - ------------------------------------------------
INFO  - 2019-12-08 14:40:35,429 - init_weights executed
INFO  - 2019-12-08 14:40:35,429 - __init__ executed
INFO  - 2019-12-08 14:40:53,114 - Train-method executed
INFO  - 2019-12-08 14:41:20,322 - full_forward executed
INFO  - 2019-12-08 14:43:38,503 - ------------------------------------------------
INFO  - 2019-12-08 14:43:38,504 - Start of the program
INFO  - 2019-12-08 14:43:38,504 - ------------------------------------------------
INFO  - 2019-12-08 14:43:38,504 - init_weights executed
INFO  - 2019-12-08 14:43:38,504 - __init__ executed
INFO  - 2019-12-08 14:43:41,146 - Train-method executed
INFO  - 2019-12-08 14:43:58,607 - ------------------------------------------------
INFO  - 2019-12-08 14:43:58,607 - Start of the program
INFO  - 2019-12-08 14:43:58,607 - ------------------------------------------------
INFO  - 2019-12-08 14:43:58,607 - init_weights executed
INFO  - 2019-12-08 14:43:58,608 - __init__ executed
INFO  - 2019-12-08 14:44:32,286 - ------------------------------------------------
INFO  - 2019-12-08 14:44:32,286 - Start of the program
INFO  - 2019-12-08 14:44:32,287 - ------------------------------------------------
INFO  - 2019-12-08 14:44:32,287 - init_weights executed
INFO  - 2019-12-08 14:44:32,287 - __init__ executed
INFO  - 2019-12-08 14:44:42,486 - Train-method executed
INFO  - 2019-12-08 14:44:53,331 - full_forward executed
INFO  - 2019-12-08 14:47:44,603 - ------------------------------------------------
INFO  - 2019-12-08 14:47:44,604 - Start of the program
INFO  - 2019-12-08 14:47:44,604 - ------------------------------------------------
INFO  - 2019-12-08 14:47:44,604 - init_weights executed
INFO  - 2019-12-08 14:47:44,604 - __init__ executed
INFO  - 2019-12-08 14:47:57,304 - ------------------------------------------------
INFO  - 2019-12-08 14:47:57,304 - Start of the program
INFO  - 2019-12-08 14:47:57,304 - ------------------------------------------------
INFO  - 2019-12-08 14:47:57,304 - init_weights executed
INFO  - 2019-12-08 14:47:57,305 - __init__ executed
INFO  - 2019-12-08 14:47:57,305 - Train-method executed
INFO  - 2019-12-08 14:47:57,305 - full_forward executed
INFO  - 2019-12-08 14:48:33,240 - ------------------------------------------------
INFO  - 2019-12-08 14:48:33,240 - Start of the program
INFO  - 2019-12-08 14:48:33,240 - ------------------------------------------------
INFO  - 2019-12-08 14:48:33,240 - init_weights executed
INFO  - 2019-12-08 14:48:33,240 - __init__ executed
INFO  - 2019-12-08 14:48:33,240 - Train-method executed
INFO  - 2019-12-08 14:48:33,241 - full_forward executed
INFO  - 2019-12-08 14:49:28,550 - ------------------------------------------------
INFO  - 2019-12-08 14:49:28,551 - Start of the program
INFO  - 2019-12-08 14:49:28,551 - ------------------------------------------------
INFO  - 2019-12-08 14:49:28,551 - init_weights executed
INFO  - 2019-12-08 14:49:28,551 - __init__ executed
INFO  - 2019-12-08 14:49:28,551 - Train-method executed
INFO  - 2019-12-08 14:49:58,040 - ------------------------------------------------
INFO  - 2019-12-08 14:49:58,040 - Start of the program
INFO  - 2019-12-08 14:49:58,040 - ------------------------------------------------
INFO  - 2019-12-08 14:49:58,041 - init_weights executed
INFO  - 2019-12-08 14:49:58,041 - __init__ executed
INFO  - 2019-12-08 14:49:58,041 - Train-method executed
INFO  - 2019-12-08 14:50:21,217 - ------------------------------------------------
INFO  - 2019-12-08 14:50:21,217 - Start of the program
INFO  - 2019-12-08 14:50:21,217 - ------------------------------------------------
INFO  - 2019-12-08 14:50:21,218 - init_weights executed
INFO  - 2019-12-08 14:50:21,218 - __init__ executed
INFO  - 2019-12-08 14:50:21,218 - Train-method executed
INFO  - 2019-12-08 14:50:41,939 - ------------------------------------------------
INFO  - 2019-12-08 14:50:41,939 - Start of the program
INFO  - 2019-12-08 14:50:41,940 - ------------------------------------------------
INFO  - 2019-12-08 14:50:41,940 - init_weights executed
INFO  - 2019-12-08 14:50:41,940 - __init__ executed
INFO  - 2019-12-08 14:50:41,940 - Train-method executed
INFO  - 2019-12-08 14:50:41,941 - full_forward executed
INFO  - 2019-12-08 14:51:46,568 - ------------------------------------------------
INFO  - 2019-12-08 14:51:46,569 - Start of the program
INFO  - 2019-12-08 14:51:46,569 - ------------------------------------------------
INFO  - 2019-12-08 14:51:46,569 - init_weights executed
INFO  - 2019-12-08 14:51:46,569 - __init__ executed
INFO  - 2019-12-08 14:51:46,569 - Train-method executed
INFO  - 2019-12-08 14:51:46,570 - full_forward executed
INFO  - 2019-12-08 14:52:41,740 - ------------------------------------------------
INFO  - 2019-12-08 14:52:41,741 - Start of the program
INFO  - 2019-12-08 14:52:41,741 - ------------------------------------------------
INFO  - 2019-12-08 14:52:41,741 - init_weights executed
INFO  - 2019-12-08 14:52:41,741 - __init__ executed
INFO  - 2019-12-08 14:52:41,741 - Train-method executed
INFO  - 2019-12-08 14:52:41,742 - full_forward executed
INFO  - 2019-12-08 14:54:18,381 - ------------------------------------------------
INFO  - 2019-12-08 14:54:18,381 - Start of the program
INFO  - 2019-12-08 14:54:18,381 - ------------------------------------------------
INFO  - 2019-12-08 14:54:18,382 - init_weights executed
INFO  - 2019-12-08 14:54:18,382 - __init__ executed
INFO  - 2019-12-08 14:54:18,382 - Train-method executed
INFO  - 2019-12-08 14:54:18,382 - full_forward executed
INFO  - 2019-12-08 14:59:50,627 - ------------------------------------------------
INFO  - 2019-12-08 14:59:50,627 - Start of the program
INFO  - 2019-12-08 14:59:50,627 - ------------------------------------------------
INFO  - 2019-12-08 14:59:50,627 - init_weights executed
INFO  - 2019-12-08 14:59:50,628 - __init__ executed
INFO  - 2019-12-08 14:59:50,628 - Train-method executed
INFO  - 2019-12-08 14:59:50,628 - full_forward executed
INFO  - 2019-12-08 15:00:05,113 - ------------------------------------------------
INFO  - 2019-12-08 15:00:05,113 - Start of the program
INFO  - 2019-12-08 15:00:05,113 - ------------------------------------------------
INFO  - 2019-12-08 15:00:05,113 - init_weights executed
INFO  - 2019-12-08 15:00:05,114 - __init__ executed
INFO  - 2019-12-08 15:00:05,114 - Train-method executed
INFO  - 2019-12-08 15:00:05,114 - full_forward executed
INFO  - 2019-12-08 15:01:26,447 - Backprop executed
