INFO  - 2019-12-11 19:46:17,497 - ------------------------------------------------
INFO  - 2019-12-11 19:46:17,497 - Start of the program
INFO  - 2019-12-11 19:46:17,497 - ------------------------------------------------
INFO  - 2019-12-11 19:46:17,497 - init_weights executed
INFO  - 2019-12-11 19:46:17,497 - __init__ executed
INFO  - 2019-12-11 19:46:17,497 - Train-method executed
INFO  - 2019-12-11 19:46:17,497 - full_forward executed
INFO  - 2019-12-11 19:46:17,498 - Backprop executed
INFO  - 2019-12-11 19:46:17,499 - full_forward executed
INFO  - 2019-12-11 19:46:17,499 - Backprop executed
INFO  - 2019-12-11 19:46:17,500 - full_forward executed
INFO  - 2019-12-11 19:46:17,500 - Backprop executed
INFO  - 2019-12-11 19:46:17,501 - full_forward executed
INFO  - 2019-12-11 19:46:17,501 - Backprop executed
INFO  - 2019-12-11 19:46:17,501 - full_forward executed
INFO  - 2019-12-11 19:46:17,501 - Backprop executed
INFO  - 2019-12-11 19:46:17,502 - full_forward executed
INFO  - 2019-12-11 19:46:17,502 - Backprop executed
INFO  - 2019-12-11 19:46:17,502 - full_forward executed
INFO  - 2019-12-11 19:46:17,502 - Backprop executed
INFO  - 2019-12-11 19:46:17,503 - full_forward executed
INFO  - 2019-12-11 19:46:17,503 - Backprop executed
INFO  - 2019-12-11 19:46:17,503 - full_forward executed
INFO  - 2019-12-11 19:46:17,503 - Backprop executed
INFO  - 2019-12-11 19:46:17,504 - full_forward executed
INFO  - 2019-12-11 19:46:17,504 - Backprop executed
INFO  - 2019-12-11 19:46:17,504 - full_forward executed
INFO  - 2019-12-11 19:46:17,504 - Backprop executed
INFO  - 2019-12-11 19:46:17,505 - full_forward executed
INFO  - 2019-12-11 19:46:17,505 - Backprop executed
INFO  - 2019-12-11 19:46:17,505 - full_forward executed
INFO  - 2019-12-11 19:46:17,505 - Backprop executed
INFO  - 2019-12-11 19:46:17,506 - full_forward executed
INFO  - 2019-12-11 19:46:17,506 - Backprop executed
INFO  - 2019-12-11 19:46:17,506 - full_forward executed
INFO  - 2019-12-11 19:46:17,506 - Backprop executed
INFO  - 2019-12-11 19:46:17,507 - full_forward executed
INFO  - 2019-12-11 19:46:17,507 - Backprop executed
INFO  - 2019-12-11 19:46:17,507 - full_forward executed
INFO  - 2019-12-11 19:46:17,507 - Backprop executed
INFO  - 2019-12-11 19:46:17,507 - full_forward executed
INFO  - 2019-12-11 19:46:17,508 - Backprop executed
INFO  - 2019-12-11 19:46:17,508 - full_forward executed
INFO  - 2019-12-11 19:46:17,508 - Backprop executed
INFO  - 2019-12-11 19:46:17,508 - full_forward executed
INFO  - 2019-12-11 19:46:17,509 - Backprop executed
INFO  - 2019-12-11 19:46:17,509 - full_forward executed
INFO  - 2019-12-11 19:46:17,509 - Backprop executed
INFO  - 2019-12-11 19:46:17,509 - full_forward executed
INFO  - 2019-12-11 19:46:17,510 - Backprop executed
INFO  - 2019-12-11 19:46:17,510 - full_forward executed
INFO  - 2019-12-11 19:46:17,510 - Backprop executed
INFO  - 2019-12-11 19:46:17,510 - full_forward executed
INFO  - 2019-12-11 19:46:17,511 - Backprop executed
INFO  - 2019-12-11 19:46:17,511 - full_forward executed
INFO  - 2019-12-11 19:46:17,511 - Backprop executed
INFO  - 2019-12-11 19:46:17,511 - full_forward executed
INFO  - 2019-12-11 19:46:17,512 - Backprop executed
INFO  - 2019-12-11 19:46:17,512 - full_forward executed
INFO  - 2019-12-11 19:46:17,512 - Backprop executed
INFO  - 2019-12-11 19:46:17,512 - full_forward executed
INFO  - 2019-12-11 19:46:17,513 - Backprop executed
INFO  - 2019-12-11 19:46:17,513 - full_forward executed
INFO  - 2019-12-11 19:46:17,513 - Backprop executed
INFO  - 2019-12-11 19:46:17,513 - full_forward executed
INFO  - 2019-12-11 19:46:17,514 - Backprop executed
INFO  - 2019-12-11 19:46:17,514 - full_forward executed
INFO  - 2019-12-11 19:46:17,514 - Backprop executed
INFO  - 2019-12-11 19:46:17,514 - full_forward executed
INFO  - 2019-12-11 19:46:17,515 - Backprop executed
INFO  - 2019-12-11 19:46:17,515 - full_forward executed
INFO  - 2019-12-11 19:46:17,515 - Backprop executed
INFO  - 2019-12-11 19:46:17,515 - full_forward executed
INFO  - 2019-12-11 19:46:17,515 - Backprop executed
INFO  - 2019-12-11 19:46:17,516 - full_forward executed
INFO  - 2019-12-11 19:46:17,516 - Backprop executed
INFO  - 2019-12-11 19:46:17,516 - full_forward executed
INFO  - 2019-12-11 19:46:17,516 - Backprop executed
INFO  - 2019-12-11 19:46:17,516 - full_forward executed
INFO  - 2019-12-11 19:46:17,517 - Backprop executed
INFO  - 2019-12-11 19:46:17,517 - full_forward executed
INFO  - 2019-12-11 19:46:17,517 - Backprop executed
INFO  - 2019-12-11 19:46:17,517 - full_forward executed
INFO  - 2019-12-11 19:46:17,518 - Backprop executed
INFO  - 2019-12-11 19:46:17,518 - full_forward executed
INFO  - 2019-12-11 19:46:17,518 - Backprop executed
INFO  - 2019-12-11 19:46:17,518 - full_forward executed
INFO  - 2019-12-11 19:46:17,518 - Backprop executed
INFO  - 2019-12-11 19:46:17,519 - full_forward executed
INFO  - 2019-12-11 19:46:17,519 - Backprop executed
INFO  - 2019-12-11 19:46:17,520 - full_forward executed
INFO  - 2019-12-11 19:46:17,520 - Backprop executed
INFO  - 2019-12-11 19:46:17,520 - full_forward executed
INFO  - 2019-12-11 19:46:17,520 - Backprop executed
INFO  - 2019-12-11 19:46:17,520 - full_forward executed
INFO  - 2019-12-11 19:46:17,521 - Backprop executed
INFO  - 2019-12-11 19:46:17,521 - full_forward executed
INFO  - 2019-12-11 19:46:17,521 - Backprop executed
INFO  - 2019-12-11 19:46:17,522 - full_forward executed
INFO  - 2019-12-11 19:46:17,522 - Backprop executed
INFO  - 2019-12-11 19:46:17,522 - full_forward executed
INFO  - 2019-12-11 19:46:17,522 - Backprop executed
INFO  - 2019-12-11 19:46:17,523 - full_forward executed
INFO  - 2019-12-11 19:46:17,523 - Backprop executed
INFO  - 2019-12-11 19:46:17,523 - full_forward executed
INFO  - 2019-12-11 19:46:17,523 - Backprop executed
INFO  - 2019-12-11 19:46:17,524 - full_forward executed
INFO  - 2019-12-11 19:46:17,524 - Backprop executed
INFO  - 2019-12-11 19:46:17,524 - full_forward executed
INFO  - 2019-12-11 19:46:17,524 - Backprop executed
INFO  - 2019-12-11 19:46:17,525 - full_forward executed
INFO  - 2019-12-11 19:46:17,525 - Backprop executed
INFO  - 2019-12-11 19:46:17,525 - full_forward executed
INFO  - 2019-12-11 19:46:17,525 - Backprop executed
INFO  - 2019-12-11 19:46:17,525 - full_forward executed
INFO  - 2019-12-11 19:46:17,526 - Backprop executed
INFO  - 2019-12-11 19:46:17,526 - full_forward executed
INFO  - 2019-12-11 19:46:17,526 - Backprop executed
INFO  - 2019-12-11 19:46:17,526 - full_forward executed
INFO  - 2019-12-11 19:46:17,527 - Backprop executed
INFO  - 2019-12-11 19:46:17,527 - full_forward executed
INFO  - 2019-12-11 19:46:17,527 - Backprop executed
INFO  - 2019-12-11 19:46:17,527 - full_forward executed
INFO  - 2019-12-11 19:46:17,528 - Backprop executed
INFO  - 2019-12-11 19:46:17,528 - full_forward executed
INFO  - 2019-12-11 19:46:17,528 - Backprop executed
INFO  - 2019-12-11 19:46:17,528 - full_forward executed
INFO  - 2019-12-11 19:46:17,528 - Backprop executed
INFO  - 2019-12-11 19:46:17,529 - full_forward executed
INFO  - 2019-12-11 19:46:17,529 - Backprop executed
INFO  - 2019-12-11 19:46:17,529 - full_forward executed
INFO  - 2019-12-11 19:46:17,529 - Backprop executed
INFO  - 2019-12-11 19:46:17,530 - full_forward executed
INFO  - 2019-12-11 19:46:17,530 - Backprop executed
INFO  - 2019-12-11 19:46:17,530 - full_forward executed
INFO  - 2019-12-11 19:46:17,530 - Backprop executed
INFO  - 2019-12-11 19:46:17,531 - full_forward executed
INFO  - 2019-12-11 19:46:17,531 - Backprop executed
INFO  - 2019-12-11 19:46:17,531 - full_forward executed
INFO  - 2019-12-11 19:46:17,531 - Backprop executed
INFO  - 2019-12-11 19:46:17,532 - full_forward executed
INFO  - 2019-12-11 19:46:17,532 - Backprop executed
INFO  - 2019-12-11 19:46:17,532 - full_forward executed
INFO  - 2019-12-11 19:46:17,532 - Backprop executed
INFO  - 2019-12-11 19:46:17,533 - full_forward executed
INFO  - 2019-12-11 19:46:17,533 - Backprop executed
INFO  - 2019-12-11 19:46:17,533 - full_forward executed
INFO  - 2019-12-11 19:46:17,533 - Backprop executed
INFO  - 2019-12-11 19:46:17,534 - full_forward executed
INFO  - 2019-12-11 19:46:17,534 - Backprop executed
INFO  - 2019-12-11 19:46:17,534 - full_forward executed
INFO  - 2019-12-11 19:46:17,534 - Backprop executed
INFO  - 2019-12-11 19:46:17,534 - full_forward executed
INFO  - 2019-12-11 19:46:17,535 - Backprop executed
INFO  - 2019-12-11 19:46:17,535 - full_forward executed
INFO  - 2019-12-11 19:46:17,535 - Backprop executed
INFO  - 2019-12-11 19:46:17,535 - full_forward executed
INFO  - 2019-12-11 19:46:17,535 - Backprop executed
INFO  - 2019-12-11 19:46:17,536 - full_forward executed
INFO  - 2019-12-11 19:46:17,536 - Backprop executed
INFO  - 2019-12-11 19:46:17,536 - full_forward executed
INFO  - 2019-12-11 19:46:17,536 - Backprop executed
INFO  - 2019-12-11 19:46:17,536 - full_forward executed
INFO  - 2019-12-11 19:46:17,537 - Backprop executed
INFO  - 2019-12-11 19:46:17,537 - full_forward executed
INFO  - 2019-12-11 19:46:17,537 - Backprop executed
INFO  - 2019-12-11 19:46:17,537 - full_forward executed
INFO  - 2019-12-11 19:46:17,537 - Backprop executed
INFO  - 2019-12-11 19:46:17,538 - full_forward executed
INFO  - 2019-12-11 19:46:17,538 - Backprop executed
INFO  - 2019-12-11 19:46:17,538 - full_forward executed
INFO  - 2019-12-11 19:46:17,538 - Backprop executed
INFO  - 2019-12-11 19:46:17,539 - full_forward executed
INFO  - 2019-12-11 19:46:17,539 - Backprop executed
INFO  - 2019-12-11 19:46:17,539 - full_forward executed
INFO  - 2019-12-11 19:46:17,539 - Backprop executed
INFO  - 2019-12-11 19:46:17,540 - full_forward executed
INFO  - 2019-12-11 19:46:17,540 - Backprop executed
INFO  - 2019-12-11 19:46:17,540 - full_forward executed
INFO  - 2019-12-11 19:46:17,540 - Backprop executed
INFO  - 2019-12-11 19:46:17,540 - full_forward executed
INFO  - 2019-12-11 19:46:17,541 - Backprop executed
INFO  - 2019-12-11 19:46:17,541 - full_forward executed
INFO  - 2019-12-11 19:46:17,541 - Backprop executed
INFO  - 2019-12-11 19:46:17,541 - full_forward executed
INFO  - 2019-12-11 19:46:17,541 - Backprop executed
INFO  - 2019-12-11 19:46:17,542 - full_forward executed
INFO  - 2019-12-11 19:46:17,542 - Backprop executed
INFO  - 2019-12-11 19:46:17,542 - full_forward executed
INFO  - 2019-12-11 19:46:17,542 - Backprop executed
INFO  - 2019-12-11 19:46:17,543 - full_forward executed
INFO  - 2019-12-11 19:46:17,543 - Backprop executed
INFO  - 2019-12-11 19:46:17,543 - full_forward executed
INFO  - 2019-12-11 19:46:17,543 - Backprop executed
INFO  - 2019-12-11 19:46:17,543 - full_forward executed
INFO  - 2019-12-11 19:46:17,544 - Backprop executed
INFO  - 2019-12-11 19:46:17,544 - full_forward executed
INFO  - 2019-12-11 19:46:17,544 - Backprop executed
INFO  - 2019-12-11 19:46:17,544 - full_forward executed
INFO  - 2019-12-11 19:46:17,544 - Backprop executed
INFO  - 2019-12-11 19:46:17,545 - full_forward executed
INFO  - 2019-12-11 19:46:17,545 - Backprop executed
INFO  - 2019-12-11 19:46:17,545 - full_forward executed
INFO  - 2019-12-11 19:46:17,545 - Backprop executed
INFO  - 2019-12-11 19:46:17,546 - full_forward executed
INFO  - 2019-12-11 19:46:17,546 - Backprop executed
INFO  - 2019-12-11 19:46:17,546 - full_forward executed
INFO  - 2019-12-11 19:46:17,546 - Backprop executed
INFO  - 2019-12-11 19:46:17,547 - full_forward executed
INFO  - 2019-12-11 19:46:17,547 - Backprop executed
INFO  - 2019-12-11 19:46:17,547 - full_forward executed
INFO  - 2019-12-11 19:46:17,547 - Backprop executed
INFO  - 2019-12-11 19:46:17,548 - full_forward executed
INFO  - 2019-12-11 19:46:17,548 - Backprop executed
INFO  - 2019-12-11 19:46:17,548 - full_forward executed
INFO  - 2019-12-11 19:46:17,548 - Backprop executed
INFO  - 2019-12-11 19:46:17,549 - full_forward executed
INFO  - 2019-12-11 19:46:17,549 - Backprop executed
INFO  - 2019-12-11 19:46:17,549 - full_forward executed
INFO  - 2019-12-11 19:46:17,549 - Backprop executed
INFO  - 2019-12-11 19:46:17,549 - full_forward executed
INFO  - 2019-12-11 19:46:17,550 - Backprop executed
INFO  - 2019-12-11 19:46:17,550 - full_forward executed
INFO  - 2019-12-11 19:46:17,550 - Backprop executed
INFO  - 2019-12-11 19:46:17,550 - full_forward executed
INFO  - 2019-12-11 19:46:17,550 - Backprop executed
INFO  - 2019-12-11 19:46:17,551 - full_forward executed
INFO  - 2019-12-11 19:46:17,551 - Backprop executed
INFO  - 2019-12-11 19:46:17,551 - full_forward executed
INFO  - 2019-12-11 19:46:17,551 - Backprop executed
INFO  - 2019-12-11 19:46:17,552 - full_forward executed
INFO  - 2019-12-11 19:46:17,552 - Backprop executed
INFO  - 2019-12-11 19:46:17,552 - full_forward executed
INFO  - 2019-12-11 19:46:17,552 - Backprop executed
INFO  - 2019-12-11 19:46:17,553 - full_forward executed
INFO  - 2019-12-11 19:46:17,553 - Backprop executed
INFO  - 2019-12-11 19:46:17,553 - full_forward executed
INFO  - 2019-12-11 19:46:17,553 - Backprop executed
INFO  - 2019-12-11 19:46:17,554 - full_forward executed
INFO  - 2019-12-11 19:46:17,554 - Backprop executed
INFO  - 2019-12-11 19:46:17,554 - full_forward executed
INFO  - 2019-12-11 19:46:17,554 - Backprop executed
INFO  - 2019-12-11 19:46:17,554 - full_forward executed
INFO  - 2019-12-11 19:46:17,555 - Backprop executed
INFO  - 2019-12-11 19:46:17,555 - full_forward executed
INFO  - 2019-12-11 19:46:17,555 - Backprop executed
INFO  - 2019-12-11 19:46:17,555 - full_forward executed
INFO  - 2019-12-11 19:46:17,555 - Backprop executed
INFO  - 2019-12-11 19:46:17,556 - full_forward executed
INFO  - 2019-12-11 19:46:17,556 - Backprop executed
INFO  - 2019-12-11 19:46:17,556 - full_forward executed
INFO  - 2019-12-11 19:46:17,556 - Backprop executed
INFO  - 2019-12-11 19:46:17,557 - full_forward executed
INFO  - 2019-12-11 19:46:17,557 - Backprop executed
INFO  - 2019-12-11 19:46:17,557 - full_forward executed
INFO  - 2019-12-11 19:46:17,557 - Backprop executed
INFO  - 2019-12-11 19:46:17,557 - full_forward executed
INFO  - 2019-12-11 19:46:17,558 - Backprop executed
INFO  - 2019-12-11 19:46:17,558 - full_forward executed
INFO  - 2019-12-11 19:46:17,558 - Backprop executed
INFO  - 2019-12-11 19:46:17,558 - full_forward executed
INFO  - 2019-12-11 19:46:17,558 - Backprop executed
INFO  - 2019-12-11 19:46:17,559 - full_forward executed
INFO  - 2019-12-11 19:46:17,559 - Backprop executed
INFO  - 2019-12-11 19:46:17,559 - full_forward executed
INFO  - 2019-12-11 19:46:17,559 - Backprop executed
INFO  - 2019-12-11 19:46:17,560 - full_forward executed
INFO  - 2019-12-11 19:46:17,560 - Backprop executed
INFO  - 2019-12-11 19:46:17,560 - full_forward executed
INFO  - 2019-12-11 19:46:17,560 - Backprop executed
INFO  - 2019-12-11 19:46:17,560 - full_forward executed
INFO  - 2019-12-11 19:46:17,561 - Backprop executed
INFO  - 2019-12-11 19:46:17,561 - full_forward executed
INFO  - 2019-12-11 19:46:17,561 - Backprop executed
INFO  - 2019-12-11 19:46:17,561 - full_forward executed
INFO  - 2019-12-11 19:46:17,562 - Backprop executed
INFO  - 2019-12-11 19:46:17,562 - full_forward executed
INFO  - 2019-12-11 19:46:17,562 - Backprop executed
INFO  - 2019-12-11 19:46:17,562 - full_forward executed
INFO  - 2019-12-11 19:46:17,563 - Backprop executed
INFO  - 2019-12-11 19:46:17,563 - full_forward executed
INFO  - 2019-12-11 19:46:17,563 - Backprop executed
INFO  - 2019-12-11 19:46:17,563 - full_forward executed
INFO  - 2019-12-11 19:46:17,563 - Backprop executed
INFO  - 2019-12-11 19:46:17,564 - full_forward executed
INFO  - 2019-12-11 19:46:17,564 - Backprop executed
INFO  - 2019-12-11 19:46:17,564 - full_forward executed
INFO  - 2019-12-11 19:46:17,564 - Backprop executed
INFO  - 2019-12-11 19:46:17,565 - full_forward executed
INFO  - 2019-12-11 19:46:17,565 - Backprop executed
INFO  - 2019-12-11 19:46:17,565 - full_forward executed
INFO  - 2019-12-11 19:46:17,565 - Backprop executed
INFO  - 2019-12-11 19:46:17,566 - full_forward executed
INFO  - 2019-12-11 19:46:17,566 - Backprop executed
INFO  - 2019-12-11 19:46:17,566 - full_forward executed
INFO  - 2019-12-11 19:46:17,566 - Backprop executed
INFO  - 2019-12-11 19:46:17,567 - full_forward executed
INFO  - 2019-12-11 19:46:17,567 - Backprop executed
INFO  - 2019-12-11 19:46:17,567 - full_forward executed
INFO  - 2019-12-11 19:46:17,567 - Backprop executed
INFO  - 2019-12-11 19:46:17,568 - full_forward executed
INFO  - 2019-12-11 19:46:17,568 - Backprop executed
INFO  - 2019-12-11 19:46:17,568 - full_forward executed
INFO  - 2019-12-11 19:46:17,568 - Backprop executed
INFO  - 2019-12-11 19:46:17,568 - full_forward executed
INFO  - 2019-12-11 19:46:17,569 - Backprop executed
INFO  - 2019-12-11 19:46:17,569 - full_forward executed
INFO  - 2019-12-11 19:46:17,569 - Backprop executed
INFO  - 2019-12-11 19:46:17,569 - full_forward executed
INFO  - 2019-12-11 19:46:17,569 - Backprop executed
INFO  - 2019-12-11 19:46:17,570 - full_forward executed
INFO  - 2019-12-11 19:46:17,570 - Backprop executed
INFO  - 2019-12-11 19:46:17,570 - full_forward executed
INFO  - 2019-12-11 19:46:17,570 - Backprop executed
INFO  - 2019-12-11 19:46:17,571 - full_forward executed
INFO  - 2019-12-11 19:46:17,571 - Backprop executed
INFO  - 2019-12-11 19:46:17,571 - full_forward executed
INFO  - 2019-12-11 19:46:17,571 - Backprop executed
INFO  - 2019-12-11 19:46:17,571 - full_forward executed
INFO  - 2019-12-11 19:46:17,572 - Backprop executed
INFO  - 2019-12-11 19:46:17,572 - full_forward executed
INFO  - 2019-12-11 19:46:17,572 - Backprop executed
INFO  - 2019-12-11 19:46:17,572 - full_forward executed
INFO  - 2019-12-11 19:46:17,573 - Backprop executed
INFO  - 2019-12-11 19:46:17,573 - full_forward executed
INFO  - 2019-12-11 19:46:17,573 - Backprop executed
INFO  - 2019-12-11 19:46:17,573 - full_forward executed
INFO  - 2019-12-11 19:46:17,573 - Backprop executed
INFO  - 2019-12-11 19:46:17,574 - full_forward executed
INFO  - 2019-12-11 19:46:17,574 - Backprop executed
INFO  - 2019-12-11 19:46:17,574 - full_forward executed
INFO  - 2019-12-11 19:46:17,574 - Backprop executed
INFO  - 2019-12-11 19:46:17,575 - full_forward executed
INFO  - 2019-12-11 19:46:17,575 - Backprop executed
INFO  - 2019-12-11 19:46:17,575 - full_forward executed
INFO  - 2019-12-11 19:46:17,575 - Backprop executed
INFO  - 2019-12-11 19:46:17,575 - full_forward executed
INFO  - 2019-12-11 19:46:17,576 - Backprop executed
INFO  - 2019-12-11 19:46:17,576 - full_forward executed
INFO  - 2019-12-11 19:46:17,576 - Backprop executed
INFO  - 2019-12-11 19:46:17,576 - full_forward executed
INFO  - 2019-12-11 19:46:17,576 - Backprop executed
INFO  - 2019-12-11 19:46:17,577 - full_forward executed
INFO  - 2019-12-11 19:46:17,577 - Backprop executed
INFO  - 2019-12-11 19:46:17,577 - full_forward executed
INFO  - 2019-12-11 19:46:17,577 - Backprop executed
INFO  - 2019-12-11 19:46:17,578 - full_forward executed
INFO  - 2019-12-11 19:46:17,578 - Backprop executed
INFO  - 2019-12-11 19:46:17,578 - full_forward executed
INFO  - 2019-12-11 19:46:17,578 - Backprop executed
INFO  - 2019-12-11 19:46:17,578 - full_forward executed
INFO  - 2019-12-11 19:46:17,579 - Backprop executed
INFO  - 2019-12-11 19:46:17,579 - full_forward executed
INFO  - 2019-12-11 19:46:17,579 - Backprop executed
INFO  - 2019-12-11 19:46:17,579 - full_forward executed
INFO  - 2019-12-11 19:46:17,580 - Backprop executed
INFO  - 2019-12-11 19:46:17,580 - full_forward executed
INFO  - 2019-12-11 19:46:17,580 - Backprop executed
INFO  - 2019-12-11 19:46:17,580 - full_forward executed
INFO  - 2019-12-11 19:46:17,580 - Backprop executed
INFO  - 2019-12-11 19:46:17,581 - full_forward executed
INFO  - 2019-12-11 19:46:17,581 - Backprop executed
INFO  - 2019-12-11 19:46:17,581 - full_forward executed
INFO  - 2019-12-11 19:46:17,581 - Backprop executed
INFO  - 2019-12-11 19:46:17,582 - full_forward executed
INFO  - 2019-12-11 19:46:17,582 - Backprop executed
INFO  - 2019-12-11 19:46:17,582 - full_forward executed
INFO  - 2019-12-11 19:46:17,582 - Backprop executed
INFO  - 2019-12-11 19:46:17,583 - full_forward executed
INFO  - 2019-12-11 19:46:17,583 - Backprop executed
INFO  - 2019-12-11 19:46:17,583 - full_forward executed
INFO  - 2019-12-11 19:46:17,583 - Backprop executed
INFO  - 2019-12-11 19:46:17,583 - full_forward executed
INFO  - 2019-12-11 19:46:17,584 - Backprop executed
INFO  - 2019-12-11 19:46:17,584 - full_forward executed
INFO  - 2019-12-11 19:46:17,584 - Backprop executed
INFO  - 2019-12-11 19:46:17,584 - full_forward executed
INFO  - 2019-12-11 19:46:17,584 - Backprop executed
INFO  - 2019-12-11 19:46:17,585 - full_forward executed
INFO  - 2019-12-11 19:46:17,585 - Backprop executed
INFO  - 2019-12-11 19:46:17,585 - full_forward executed
INFO  - 2019-12-11 19:46:17,585 - Backprop executed
INFO  - 2019-12-11 19:46:17,586 - full_forward executed
INFO  - 2019-12-11 19:46:17,586 - Backprop executed
INFO  - 2019-12-11 19:46:17,586 - full_forward executed
INFO  - 2019-12-11 19:46:17,586 - Backprop executed
INFO  - 2019-12-11 19:46:17,586 - full_forward executed
INFO  - 2019-12-11 19:46:17,587 - Backprop executed
INFO  - 2019-12-11 19:46:17,587 - full_forward executed
INFO  - 2019-12-11 19:46:17,587 - Backprop executed
INFO  - 2019-12-11 19:46:17,587 - full_forward executed
INFO  - 2019-12-11 19:46:17,587 - Backprop executed
INFO  - 2019-12-11 19:46:17,588 - full_forward executed
INFO  - 2019-12-11 19:46:17,588 - Backprop executed
INFO  - 2019-12-11 19:46:17,588 - full_forward executed
INFO  - 2019-12-11 19:46:17,588 - Backprop executed
INFO  - 2019-12-11 19:46:17,589 - full_forward executed
INFO  - 2019-12-11 19:46:17,589 - Backprop executed
INFO  - 2019-12-11 19:46:17,589 - full_forward executed
INFO  - 2019-12-11 19:46:17,589 - Backprop executed
INFO  - 2019-12-11 19:46:17,589 - full_forward executed
INFO  - 2019-12-11 19:46:17,590 - Backprop executed
INFO  - 2019-12-11 19:46:17,590 - full_forward executed
INFO  - 2019-12-11 19:46:17,590 - Backprop executed
INFO  - 2019-12-11 19:46:17,590 - full_forward executed
INFO  - 2019-12-11 19:46:17,590 - Backprop executed
INFO  - 2019-12-11 19:46:17,591 - full_forward executed
INFO  - 2019-12-11 19:46:17,591 - Backprop executed
INFO  - 2019-12-11 19:46:17,592 - full_forward executed
INFO  - 2019-12-11 19:46:17,592 - Backprop executed
INFO  - 2019-12-11 19:46:17,592 - full_forward executed
INFO  - 2019-12-11 19:46:17,593 - Backprop executed
INFO  - 2019-12-11 19:46:17,593 - full_forward executed
INFO  - 2019-12-11 19:46:17,593 - Backprop executed
INFO  - 2019-12-11 19:46:17,593 - full_forward executed
INFO  - 2019-12-11 19:46:17,594 - Backprop executed
INFO  - 2019-12-11 19:46:17,594 - full_forward executed
INFO  - 2019-12-11 19:46:17,594 - Backprop executed
INFO  - 2019-12-11 19:46:17,594 - full_forward executed
INFO  - 2019-12-11 19:46:17,594 - Backprop executed
INFO  - 2019-12-11 19:46:17,595 - full_forward executed
INFO  - 2019-12-11 19:46:17,595 - Backprop executed
INFO  - 2019-12-11 19:46:17,595 - full_forward executed
INFO  - 2019-12-11 19:46:17,595 - Backprop executed
INFO  - 2019-12-11 19:46:17,596 - full_forward executed
INFO  - 2019-12-11 19:46:17,596 - Backprop executed
INFO  - 2019-12-11 19:46:17,596 - full_forward executed
INFO  - 2019-12-11 19:46:17,596 - Backprop executed
INFO  - 2019-12-11 19:46:17,597 - full_forward executed
INFO  - 2019-12-11 19:46:17,597 - Backprop executed
INFO  - 2019-12-11 19:46:17,597 - full_forward executed
INFO  - 2019-12-11 19:46:17,597 - Backprop executed
INFO  - 2019-12-11 19:46:17,597 - full_forward executed
INFO  - 2019-12-11 19:46:17,598 - Backprop executed
INFO  - 2019-12-11 19:46:17,598 - full_forward executed
INFO  - 2019-12-11 19:46:17,598 - Backprop executed
INFO  - 2019-12-11 19:46:17,598 - full_forward executed
INFO  - 2019-12-11 19:46:17,599 - Backprop executed
INFO  - 2019-12-11 19:46:17,599 - full_forward executed
INFO  - 2019-12-11 19:46:17,599 - Backprop executed
INFO  - 2019-12-11 19:46:17,599 - full_forward executed
INFO  - 2019-12-11 19:46:17,599 - Backprop executed
INFO  - 2019-12-11 19:46:17,600 - full_forward executed
INFO  - 2019-12-11 19:46:17,600 - Backprop executed
INFO  - 2019-12-11 19:46:17,600 - full_forward executed
INFO  - 2019-12-11 19:46:17,600 - Backprop executed
INFO  - 2019-12-11 19:46:17,601 - full_forward executed
INFO  - 2019-12-11 19:46:17,601 - Backprop executed
INFO  - 2019-12-11 19:46:17,601 - full_forward executed
INFO  - 2019-12-11 19:46:17,601 - Backprop executed
INFO  - 2019-12-11 19:46:17,602 - full_forward executed
INFO  - 2019-12-11 19:46:17,602 - Backprop executed
INFO  - 2019-12-11 19:46:17,602 - full_forward executed
INFO  - 2019-12-11 19:46:17,602 - Backprop executed
INFO  - 2019-12-11 19:46:17,603 - full_forward executed
INFO  - 2019-12-11 19:46:17,603 - Backprop executed
INFO  - 2019-12-11 19:46:17,603 - full_forward executed
INFO  - 2019-12-11 19:46:17,603 - Backprop executed
INFO  - 2019-12-11 19:46:17,603 - full_forward executed
INFO  - 2019-12-11 19:46:17,604 - Backprop executed
INFO  - 2019-12-11 19:46:17,604 - full_forward executed
INFO  - 2019-12-11 19:46:17,604 - Backprop executed
INFO  - 2019-12-11 19:46:17,604 - full_forward executed
INFO  - 2019-12-11 19:46:17,605 - Backprop executed
INFO  - 2019-12-11 19:46:17,605 - full_forward executed
INFO  - 2019-12-11 19:46:17,605 - Backprop executed
INFO  - 2019-12-11 19:46:17,605 - full_forward executed
INFO  - 2019-12-11 19:46:17,606 - Backprop executed
INFO  - 2019-12-11 19:46:17,606 - full_forward executed
INFO  - 2019-12-11 19:46:17,606 - Backprop executed
INFO  - 2019-12-11 19:46:17,606 - full_forward executed
INFO  - 2019-12-11 19:46:17,606 - Backprop executed
INFO  - 2019-12-11 19:46:17,607 - full_forward executed
INFO  - 2019-12-11 19:46:17,607 - Backprop executed
INFO  - 2019-12-11 19:46:17,607 - full_forward executed
INFO  - 2019-12-11 19:46:17,607 - Backprop executed
INFO  - 2019-12-11 19:46:17,608 - full_forward executed
INFO  - 2019-12-11 19:46:17,608 - Backprop executed
INFO  - 2019-12-11 19:46:17,608 - full_forward executed
INFO  - 2019-12-11 19:46:17,608 - Backprop executed
INFO  - 2019-12-11 19:46:17,609 - full_forward executed
INFO  - 2019-12-11 19:46:17,609 - Backprop executed
INFO  - 2019-12-11 19:46:17,609 - full_forward executed
INFO  - 2019-12-11 19:46:17,609 - Backprop executed
INFO  - 2019-12-11 19:46:17,610 - full_forward executed
INFO  - 2019-12-11 19:46:17,610 - Backprop executed
INFO  - 2019-12-11 19:46:17,610 - full_forward executed
INFO  - 2019-12-11 19:46:17,610 - Backprop executed
INFO  - 2019-12-11 19:46:17,610 - full_forward executed
INFO  - 2019-12-11 19:46:17,611 - Backprop executed
INFO  - 2019-12-11 19:46:17,611 - full_forward executed
INFO  - 2019-12-11 19:46:17,611 - Backprop executed
INFO  - 2019-12-11 19:46:17,611 - full_forward executed
INFO  - 2019-12-11 19:46:17,612 - Backprop executed
INFO  - 2019-12-11 19:46:17,612 - full_forward executed
INFO  - 2019-12-11 19:46:17,612 - Backprop executed
INFO  - 2019-12-11 19:46:17,612 - full_forward executed
INFO  - 2019-12-11 19:46:17,613 - Backprop executed
INFO  - 2019-12-11 19:46:17,613 - full_forward executed
INFO  - 2019-12-11 19:46:17,613 - Backprop executed
INFO  - 2019-12-11 19:46:17,613 - full_forward executed
INFO  - 2019-12-11 19:46:17,613 - Backprop executed
INFO  - 2019-12-11 19:46:17,614 - full_forward executed
INFO  - 2019-12-11 19:46:17,614 - Backprop executed
INFO  - 2019-12-11 19:46:17,614 - full_forward executed
INFO  - 2019-12-11 19:46:17,614 - Backprop executed
INFO  - 2019-12-11 19:46:17,615 - full_forward executed
INFO  - 2019-12-11 19:46:17,615 - Backprop executed
INFO  - 2019-12-11 19:46:17,615 - full_forward executed
INFO  - 2019-12-11 19:46:17,615 - Backprop executed
INFO  - 2019-12-11 19:46:17,616 - full_forward executed
INFO  - 2019-12-11 19:46:17,616 - Backprop executed
INFO  - 2019-12-11 19:46:17,616 - full_forward executed
INFO  - 2019-12-11 19:46:17,617 - Backprop executed
INFO  - 2019-12-11 19:46:17,617 - full_forward executed
INFO  - 2019-12-11 19:46:17,617 - Backprop executed
INFO  - 2019-12-11 19:46:17,617 - full_forward executed
INFO  - 2019-12-11 19:46:17,618 - Backprop executed
INFO  - 2019-12-11 19:46:17,618 - full_forward executed
INFO  - 2019-12-11 19:46:17,618 - Backprop executed
INFO  - 2019-12-11 19:46:17,619 - full_forward executed
INFO  - 2019-12-11 19:46:17,619 - Backprop executed
INFO  - 2019-12-11 19:46:17,619 - full_forward executed
INFO  - 2019-12-11 19:46:17,619 - Backprop executed
INFO  - 2019-12-11 19:46:17,620 - full_forward executed
INFO  - 2019-12-11 19:46:17,620 - Backprop executed
INFO  - 2019-12-11 19:46:17,620 - full_forward executed
INFO  - 2019-12-11 19:46:17,620 - Backprop executed
INFO  - 2019-12-11 19:46:17,621 - full_forward executed
INFO  - 2019-12-11 19:46:17,621 - Backprop executed
INFO  - 2019-12-11 19:46:17,621 - full_forward executed
INFO  - 2019-12-11 19:46:17,621 - Backprop executed
INFO  - 2019-12-11 19:46:17,622 - full_forward executed
INFO  - 2019-12-11 19:46:17,622 - Backprop executed
INFO  - 2019-12-11 19:46:17,622 - full_forward executed
INFO  - 2019-12-11 19:46:17,622 - Backprop executed
INFO  - 2019-12-11 19:46:17,622 - full_forward executed
INFO  - 2019-12-11 19:46:17,623 - Backprop executed
INFO  - 2019-12-11 19:46:17,623 - full_forward executed
INFO  - 2019-12-11 19:46:17,623 - Backprop executed
INFO  - 2019-12-11 19:46:17,623 - full_forward executed
INFO  - 2019-12-11 19:46:17,624 - Backprop executed
INFO  - 2019-12-11 19:46:17,624 - full_forward executed
INFO  - 2019-12-11 19:46:17,624 - Backprop executed
INFO  - 2019-12-11 19:46:17,624 - full_forward executed
INFO  - 2019-12-11 19:46:17,624 - Backprop executed
INFO  - 2019-12-11 19:46:17,625 - full_forward executed
INFO  - 2019-12-11 19:46:17,625 - Backprop executed
INFO  - 2019-12-11 19:46:17,625 - full_forward executed
INFO  - 2019-12-11 19:46:17,625 - Backprop executed
INFO  - 2019-12-11 19:46:17,626 - full_forward executed
INFO  - 2019-12-11 19:46:17,626 - Backprop executed
INFO  - 2019-12-11 19:46:17,626 - full_forward executed
INFO  - 2019-12-11 19:46:17,627 - Backprop executed
INFO  - 2019-12-11 19:46:17,627 - full_forward executed
INFO  - 2019-12-11 19:46:17,627 - Backprop executed
INFO  - 2019-12-11 19:46:17,628 - full_forward executed
INFO  - 2019-12-11 19:46:17,628 - Backprop executed
INFO  - 2019-12-11 19:46:17,628 - full_forward executed
INFO  - 2019-12-11 19:46:17,628 - Backprop executed
INFO  - 2019-12-11 19:46:17,628 - full_forward executed
INFO  - 2019-12-11 19:46:17,629 - Backprop executed
INFO  - 2019-12-11 19:46:17,629 - full_forward executed
INFO  - 2019-12-11 19:46:17,629 - Backprop executed
INFO  - 2019-12-11 19:46:17,630 - full_forward executed
INFO  - 2019-12-11 19:46:17,630 - Backprop executed
INFO  - 2019-12-11 19:46:17,630 - full_forward executed
INFO  - 2019-12-11 19:46:17,630 - Backprop executed
INFO  - 2019-12-11 19:46:17,631 - full_forward executed
INFO  - 2019-12-11 19:46:17,631 - Backprop executed
INFO  - 2019-12-11 19:46:17,631 - full_forward executed
INFO  - 2019-12-11 19:46:17,631 - Backprop executed
INFO  - 2019-12-11 19:46:17,632 - full_forward executed
INFO  - 2019-12-11 19:46:17,632 - Backprop executed
INFO  - 2019-12-11 19:46:17,632 - full_forward executed
INFO  - 2019-12-11 19:46:17,632 - Backprop executed
INFO  - 2019-12-11 19:46:17,633 - full_forward executed
INFO  - 2019-12-11 19:46:17,633 - Backprop executed
INFO  - 2019-12-11 19:46:17,633 - full_forward executed
INFO  - 2019-12-11 19:46:17,633 - Backprop executed
INFO  - 2019-12-11 19:46:17,634 - full_forward executed
INFO  - 2019-12-11 19:46:17,634 - Backprop executed
INFO  - 2019-12-11 19:46:17,634 - full_forward executed
INFO  - 2019-12-11 19:46:17,635 - Backprop executed
INFO  - 2019-12-11 19:46:17,635 - full_forward executed
INFO  - 2019-12-11 19:46:17,635 - Backprop executed
INFO  - 2019-12-11 19:46:17,635 - full_forward executed
INFO  - 2019-12-11 19:46:17,636 - Backprop executed
INFO  - 2019-12-11 19:46:17,636 - full_forward executed
INFO  - 2019-12-11 19:46:17,636 - Backprop executed
INFO  - 2019-12-11 19:46:17,636 - full_forward executed
INFO  - 2019-12-11 19:46:17,637 - Backprop executed
INFO  - 2019-12-11 19:46:17,637 - full_forward executed
INFO  - 2019-12-11 19:46:17,637 - Backprop executed
INFO  - 2019-12-11 19:46:17,637 - full_forward executed
INFO  - 2019-12-11 19:46:17,638 - Backprop executed
INFO  - 2019-12-11 19:46:17,638 - full_forward executed
INFO  - 2019-12-11 19:46:17,638 - Backprop executed
INFO  - 2019-12-11 19:46:17,638 - full_forward executed
INFO  - 2019-12-11 19:46:17,639 - Backprop executed
INFO  - 2019-12-11 19:46:17,639 - full_forward executed
INFO  - 2019-12-11 19:46:17,639 - Backprop executed
INFO  - 2019-12-11 19:46:17,639 - full_forward executed
INFO  - 2019-12-11 19:46:17,640 - Backprop executed
INFO  - 2019-12-11 19:46:17,640 - full_forward executed
INFO  - 2019-12-11 19:46:17,640 - Backprop executed
INFO  - 2019-12-11 19:46:17,640 - full_forward executed
INFO  - 2019-12-11 19:46:17,641 - Backprop executed
INFO  - 2019-12-11 19:46:17,641 - full_forward executed
INFO  - 2019-12-11 19:46:17,642 - Backprop executed
INFO  - 2019-12-11 19:46:17,642 - full_forward executed
INFO  - 2019-12-11 19:46:17,642 - Backprop executed
INFO  - 2019-12-11 19:46:17,643 - full_forward executed
INFO  - 2019-12-11 19:46:17,643 - Backprop executed
INFO  - 2019-12-11 19:46:17,643 - full_forward executed
INFO  - 2019-12-11 19:46:17,643 - Backprop executed
INFO  - 2019-12-11 19:46:17,644 - full_forward executed
INFO  - 2019-12-11 19:46:17,644 - Backprop executed
INFO  - 2019-12-11 19:46:17,644 - full_forward executed
INFO  - 2019-12-11 19:46:17,645 - Backprop executed
INFO  - 2019-12-11 19:46:17,645 - full_forward executed
INFO  - 2019-12-11 19:46:17,645 - Backprop executed
INFO  - 2019-12-11 19:46:17,645 - full_forward executed
INFO  - 2019-12-11 19:46:17,646 - Backprop executed
INFO  - 2019-12-11 19:46:17,646 - full_forward executed
INFO  - 2019-12-11 19:46:17,646 - Backprop executed
INFO  - 2019-12-11 19:46:17,647 - full_forward executed
INFO  - 2019-12-11 19:46:17,647 - Backprop executed
INFO  - 2019-12-11 19:46:17,647 - full_forward executed
INFO  - 2019-12-11 19:46:17,647 - Backprop executed
INFO  - 2019-12-11 19:46:17,648 - full_forward executed
INFO  - 2019-12-11 19:46:17,648 - Backprop executed
INFO  - 2019-12-11 19:46:17,648 - full_forward executed
INFO  - 2019-12-11 19:46:17,648 - Backprop executed
INFO  - 2019-12-11 19:46:17,649 - full_forward executed
INFO  - 2019-12-11 19:46:17,649 - Backprop executed
INFO  - 2019-12-11 19:46:17,649 - full_forward executed
INFO  - 2019-12-11 19:46:17,650 - Backprop executed
INFO  - 2019-12-11 19:46:17,650 - full_forward executed
INFO  - 2019-12-11 19:46:17,650 - Backprop executed
INFO  - 2019-12-11 19:46:17,651 - full_forward executed
INFO  - 2019-12-11 19:46:17,651 - Backprop executed
INFO  - 2019-12-11 19:46:17,651 - full_forward executed
INFO  - 2019-12-11 19:46:17,651 - Backprop executed
INFO  - 2019-12-11 19:46:17,652 - full_forward executed
INFO  - 2019-12-11 19:46:17,652 - Backprop executed
INFO  - 2019-12-11 19:46:17,652 - full_forward executed
INFO  - 2019-12-11 19:46:17,653 - Backprop executed
INFO  - 2019-12-11 19:46:17,653 - full_forward executed
INFO  - 2019-12-11 19:46:17,653 - Backprop executed
INFO  - 2019-12-11 19:46:17,653 - full_forward executed
INFO  - 2019-12-11 19:46:17,653 - Backprop executed
INFO  - 2019-12-11 19:46:17,654 - full_forward executed
INFO  - 2019-12-11 19:46:17,654 - Backprop executed
INFO  - 2019-12-11 19:46:17,654 - full_forward executed
INFO  - 2019-12-11 19:46:17,655 - Backprop executed
INFO  - 2019-12-11 19:46:17,655 - full_forward executed
INFO  - 2019-12-11 19:46:17,655 - Backprop executed
INFO  - 2019-12-11 19:46:17,656 - full_forward executed
INFO  - 2019-12-11 19:46:17,656 - Backprop executed
INFO  - 2019-12-11 19:46:17,657 - full_forward executed
INFO  - 2019-12-11 19:46:17,657 - Backprop executed
INFO  - 2019-12-11 19:46:17,657 - full_forward executed
INFO  - 2019-12-11 19:46:17,657 - Backprop executed
INFO  - 2019-12-11 19:46:17,658 - full_forward executed
INFO  - 2019-12-11 19:46:17,658 - Backprop executed
INFO  - 2019-12-11 19:46:17,659 - full_forward executed
INFO  - 2019-12-11 19:46:17,659 - Backprop executed
INFO  - 2019-12-11 19:46:17,659 - full_forward executed
INFO  - 2019-12-11 19:46:17,659 - Backprop executed
INFO  - 2019-12-11 19:46:17,660 - full_forward executed
INFO  - 2019-12-11 19:46:17,660 - Backprop executed
INFO  - 2019-12-11 19:46:17,660 - full_forward executed
INFO  - 2019-12-11 19:46:17,660 - Backprop executed
INFO  - 2019-12-11 19:46:17,661 - full_forward executed
INFO  - 2019-12-11 19:46:17,661 - Backprop executed
INFO  - 2019-12-11 19:46:17,661 - full_forward executed
INFO  - 2019-12-11 19:46:17,661 - Backprop executed
INFO  - 2019-12-11 19:46:17,662 - full_forward executed
INFO  - 2019-12-11 19:46:17,662 - Backprop executed
INFO  - 2019-12-11 19:46:17,662 - full_forward executed
INFO  - 2019-12-11 19:46:17,662 - Backprop executed
INFO  - 2019-12-11 19:46:17,663 - full_forward executed
INFO  - 2019-12-11 19:46:17,663 - Backprop executed
INFO  - 2019-12-11 19:46:17,663 - full_forward executed
INFO  - 2019-12-11 19:46:17,664 - Backprop executed
INFO  - 2019-12-11 19:46:17,664 - full_forward executed
INFO  - 2019-12-11 19:46:17,664 - Backprop executed
INFO  - 2019-12-11 19:46:17,665 - full_forward executed
INFO  - 2019-12-11 19:46:17,665 - Backprop executed
INFO  - 2019-12-11 19:46:17,665 - full_forward executed
INFO  - 2019-12-11 19:46:17,665 - Backprop executed
INFO  - 2019-12-11 19:46:17,666 - full_forward executed
INFO  - 2019-12-11 19:46:17,666 - Backprop executed
INFO  - 2019-12-11 19:46:17,666 - full_forward executed
INFO  - 2019-12-11 19:46:17,666 - Backprop executed
INFO  - 2019-12-11 19:46:17,667 - full_forward executed
INFO  - 2019-12-11 19:46:17,667 - Backprop executed
INFO  - 2019-12-11 19:46:17,667 - full_forward executed
INFO  - 2019-12-11 19:46:17,667 - Backprop executed
INFO  - 2019-12-11 19:46:17,668 - full_forward executed
INFO  - 2019-12-11 19:46:17,668 - Backprop executed
INFO  - 2019-12-11 19:46:17,669 - full_forward executed
INFO  - 2019-12-11 19:46:17,669 - Backprop executed
INFO  - 2019-12-11 19:46:17,669 - full_forward executed
INFO  - 2019-12-11 19:46:17,669 - Backprop executed
INFO  - 2019-12-11 19:46:17,670 - full_forward executed
INFO  - 2019-12-11 19:46:17,670 - Backprop executed
INFO  - 2019-12-11 19:46:17,670 - full_forward executed
INFO  - 2019-12-11 19:46:17,670 - Backprop executed
INFO  - 2019-12-11 19:46:17,671 - full_forward executed
INFO  - 2019-12-11 19:46:17,671 - Backprop executed
INFO  - 2019-12-11 19:46:17,671 - full_forward executed
INFO  - 2019-12-11 19:46:17,672 - Backprop executed
INFO  - 2019-12-11 19:46:17,672 - full_forward executed
INFO  - 2019-12-11 19:46:17,672 - Backprop executed
INFO  - 2019-12-11 19:46:17,673 - full_forward executed
INFO  - 2019-12-11 19:46:17,673 - Backprop executed
INFO  - 2019-12-11 19:46:17,673 - full_forward executed
INFO  - 2019-12-11 19:46:17,674 - Backprop executed
INFO  - 2019-12-11 19:46:17,674 - full_forward executed
INFO  - 2019-12-11 19:46:17,674 - Backprop executed
INFO  - 2019-12-11 19:46:17,674 - full_forward executed
INFO  - 2019-12-11 19:46:17,675 - Backprop executed
INFO  - 2019-12-11 19:46:17,675 - full_forward executed
INFO  - 2019-12-11 19:46:17,675 - Backprop executed
INFO  - 2019-12-11 19:46:17,675 - full_forward executed
INFO  - 2019-12-11 19:46:17,676 - Backprop executed
INFO  - 2019-12-11 19:46:17,676 - full_forward executed
INFO  - 2019-12-11 19:46:17,676 - Backprop executed
INFO  - 2019-12-11 19:46:17,677 - full_forward executed
INFO  - 2019-12-11 19:46:17,677 - Backprop executed
INFO  - 2019-12-11 19:46:17,677 - full_forward executed
INFO  - 2019-12-11 19:46:17,677 - Backprop executed
INFO  - 2019-12-11 19:46:17,678 - full_forward executed
INFO  - 2019-12-11 19:46:17,678 - Backprop executed
INFO  - 2019-12-11 19:46:17,678 - full_forward executed
INFO  - 2019-12-11 19:46:17,678 - Backprop executed
INFO  - 2019-12-11 19:46:17,678 - full_forward executed
INFO  - 2019-12-11 19:46:17,679 - Backprop executed
INFO  - 2019-12-11 19:46:17,679 - full_forward executed
INFO  - 2019-12-11 19:46:17,679 - Backprop executed
INFO  - 2019-12-11 19:46:17,680 - full_forward executed
INFO  - 2019-12-11 19:46:17,680 - Backprop executed
INFO  - 2019-12-11 19:46:17,680 - full_forward executed
INFO  - 2019-12-11 19:46:17,681 - Backprop executed
INFO  - 2019-12-11 19:46:17,681 - full_forward executed
INFO  - 2019-12-11 19:46:17,681 - Backprop executed
INFO  - 2019-12-11 19:46:17,682 - full_forward executed
INFO  - 2019-12-11 19:46:17,682 - Backprop executed
INFO  - 2019-12-11 19:46:17,682 - full_forward executed
INFO  - 2019-12-11 19:46:17,683 - Backprop executed
INFO  - 2019-12-11 19:46:17,683 - full_forward executed
INFO  - 2019-12-11 19:46:17,683 - Backprop executed
INFO  - 2019-12-11 19:46:17,683 - full_forward executed
INFO  - 2019-12-11 19:46:17,684 - Backprop executed
INFO  - 2019-12-11 19:46:17,684 - full_forward executed
INFO  - 2019-12-11 19:46:17,684 - Backprop executed
INFO  - 2019-12-11 19:46:17,685 - full_forward executed
INFO  - 2019-12-11 19:46:17,685 - Backprop executed
INFO  - 2019-12-11 19:46:17,685 - full_forward executed
INFO  - 2019-12-11 19:46:17,686 - Backprop executed
INFO  - 2019-12-11 19:46:17,686 - full_forward executed
INFO  - 2019-12-11 19:46:17,686 - Backprop executed
INFO  - 2019-12-11 19:46:17,687 - full_forward executed
INFO  - 2019-12-11 19:46:17,687 - Backprop executed
INFO  - 2019-12-11 19:46:17,687 - full_forward executed
INFO  - 2019-12-11 19:46:17,688 - Backprop executed
INFO  - 2019-12-11 19:46:17,688 - full_forward executed
INFO  - 2019-12-11 19:46:17,688 - Backprop executed
INFO  - 2019-12-11 19:46:17,688 - full_forward executed
INFO  - 2019-12-11 19:46:17,689 - Backprop executed
INFO  - 2019-12-11 19:46:17,689 - full_forward executed
INFO  - 2019-12-11 19:46:17,689 - Backprop executed
INFO  - 2019-12-11 19:46:17,689 - full_forward executed
INFO  - 2019-12-11 19:46:17,689 - Backprop executed
INFO  - 2019-12-11 19:46:17,690 - full_forward executed
INFO  - 2019-12-11 19:46:17,690 - Backprop executed
INFO  - 2019-12-11 19:46:17,691 - full_forward executed
INFO  - 2019-12-11 19:46:17,691 - Backprop executed
INFO  - 2019-12-11 19:46:17,691 - full_forward executed
INFO  - 2019-12-11 19:46:17,691 - Backprop executed
INFO  - 2019-12-11 19:46:17,692 - full_forward executed
INFO  - 2019-12-11 19:46:17,692 - Backprop executed
INFO  - 2019-12-11 19:46:17,692 - full_forward executed
INFO  - 2019-12-11 19:46:17,692 - Backprop executed
INFO  - 2019-12-11 19:46:17,693 - full_forward executed
INFO  - 2019-12-11 19:46:17,693 - Backprop executed
INFO  - 2019-12-11 19:46:17,693 - full_forward executed
INFO  - 2019-12-11 19:46:17,694 - Backprop executed
INFO  - 2019-12-11 19:46:17,694 - full_forward executed
INFO  - 2019-12-11 19:46:17,694 - Backprop executed
INFO  - 2019-12-11 19:46:17,695 - full_forward executed
INFO  - 2019-12-11 19:46:17,695 - Backprop executed
INFO  - 2019-12-11 19:46:17,695 - full_forward executed
INFO  - 2019-12-11 19:46:17,695 - Backprop executed
INFO  - 2019-12-11 19:46:17,696 - full_forward executed
INFO  - 2019-12-11 19:46:17,696 - Backprop executed
INFO  - 2019-12-11 19:46:17,696 - full_forward executed
INFO  - 2019-12-11 19:46:17,697 - Backprop executed
INFO  - 2019-12-11 19:46:17,697 - full_forward executed
INFO  - 2019-12-11 19:46:17,697 - Backprop executed
INFO  - 2019-12-11 19:46:17,697 - full_forward executed
INFO  - 2019-12-11 19:46:17,697 - Backprop executed
INFO  - 2019-12-11 19:46:17,698 - full_forward executed
INFO  - 2019-12-11 19:46:17,698 - Backprop executed
INFO  - 2019-12-11 19:46:17,698 - full_forward executed
INFO  - 2019-12-11 19:46:17,698 - Backprop executed
INFO  - 2019-12-11 19:46:17,700 - full_forward executed
INFO  - 2019-12-11 19:46:17,700 - Backprop executed
INFO  - 2019-12-11 19:46:17,701 - full_forward executed
INFO  - 2019-12-11 19:46:17,701 - Backprop executed
INFO  - 2019-12-11 19:46:17,701 - full_forward executed
INFO  - 2019-12-11 19:46:17,701 - Backprop executed
INFO  - 2019-12-11 19:46:17,702 - full_forward executed
INFO  - 2019-12-11 19:46:17,702 - Backprop executed
INFO  - 2019-12-11 19:46:17,703 - full_forward executed
INFO  - 2019-12-11 19:46:17,703 - Backprop executed
INFO  - 2019-12-11 19:46:17,704 - full_forward executed
INFO  - 2019-12-11 19:46:17,704 - Backprop executed
INFO  - 2019-12-11 19:46:17,704 - full_forward executed
INFO  - 2019-12-11 19:46:17,705 - Backprop executed
INFO  - 2019-12-11 19:46:17,705 - full_forward executed
INFO  - 2019-12-11 19:46:17,706 - Backprop executed
INFO  - 2019-12-11 19:46:17,707 - full_forward executed
INFO  - 2019-12-11 19:46:17,707 - Backprop executed
INFO  - 2019-12-11 19:46:17,707 - full_forward executed
INFO  - 2019-12-11 19:46:17,707 - Backprop executed
INFO  - 2019-12-11 19:46:17,708 - full_forward executed
INFO  - 2019-12-11 19:46:17,708 - Backprop executed
INFO  - 2019-12-11 19:46:17,708 - full_forward executed
INFO  - 2019-12-11 19:46:17,708 - Backprop executed
INFO  - 2019-12-11 19:46:17,709 - full_forward executed
INFO  - 2019-12-11 19:46:17,709 - Backprop executed
INFO  - 2019-12-11 19:46:17,709 - full_forward executed
INFO  - 2019-12-11 19:46:17,710 - Backprop executed
INFO  - 2019-12-11 19:46:17,710 - full_forward executed
INFO  - 2019-12-11 19:46:17,710 - Backprop executed
INFO  - 2019-12-11 19:46:17,711 - full_forward executed
INFO  - 2019-12-11 19:46:17,711 - Backprop executed
INFO  - 2019-12-11 19:46:17,711 - full_forward executed
INFO  - 2019-12-11 19:46:17,711 - Backprop executed
INFO  - 2019-12-11 19:46:17,712 - full_forward executed
INFO  - 2019-12-11 19:46:17,712 - Backprop executed
INFO  - 2019-12-11 19:46:17,712 - full_forward executed
INFO  - 2019-12-11 19:46:17,713 - Backprop executed
INFO  - 2019-12-11 19:46:17,713 - full_forward executed
INFO  - 2019-12-11 19:46:17,713 - Backprop executed
INFO  - 2019-12-11 19:46:17,714 - full_forward executed
INFO  - 2019-12-11 19:46:17,714 - Backprop executed
INFO  - 2019-12-11 19:46:17,714 - full_forward executed
INFO  - 2019-12-11 19:46:17,715 - Backprop executed
INFO  - 2019-12-11 19:46:17,715 - full_forward executed
INFO  - 2019-12-11 19:46:17,715 - Backprop executed
INFO  - 2019-12-11 19:46:17,715 - full_forward executed
INFO  - 2019-12-11 19:46:17,715 - Backprop executed
INFO  - 2019-12-11 19:46:17,716 - full_forward executed
INFO  - 2019-12-11 19:46:17,716 - Backprop executed
INFO  - 2019-12-11 19:46:17,716 - full_forward executed
INFO  - 2019-12-11 19:46:17,716 - Backprop executed
INFO  - 2019-12-11 19:46:17,717 - full_forward executed
INFO  - 2019-12-11 19:46:17,717 - Backprop executed
INFO  - 2019-12-11 19:46:17,717 - full_forward executed
INFO  - 2019-12-11 19:46:17,717 - Backprop executed
INFO  - 2019-12-11 19:46:17,718 - full_forward executed
INFO  - 2019-12-11 19:46:17,718 - Backprop executed
INFO  - 2019-12-11 19:46:17,719 - full_forward executed
INFO  - 2019-12-11 19:46:17,719 - Backprop executed
INFO  - 2019-12-11 19:46:17,719 - full_forward executed
INFO  - 2019-12-11 19:46:17,719 - Backprop executed
INFO  - 2019-12-11 19:46:17,720 - full_forward executed
INFO  - 2019-12-11 19:46:17,720 - Backprop executed
INFO  - 2019-12-11 19:46:17,720 - full_forward executed
INFO  - 2019-12-11 19:46:17,720 - Backprop executed
INFO  - 2019-12-11 19:46:17,721 - full_forward executed
INFO  - 2019-12-11 19:46:17,721 - Backprop executed
INFO  - 2019-12-11 19:46:17,721 - full_forward executed
INFO  - 2019-12-11 19:46:17,722 - Backprop executed
INFO  - 2019-12-11 19:46:17,722 - full_forward executed
INFO  - 2019-12-11 19:46:17,723 - Backprop executed
INFO  - 2019-12-11 19:46:17,723 - full_forward executed
INFO  - 2019-12-11 19:46:17,723 - Backprop executed
INFO  - 2019-12-11 19:46:17,723 - full_forward executed
INFO  - 2019-12-11 19:46:17,723 - Backprop executed
INFO  - 2019-12-11 19:46:17,724 - full_forward executed
INFO  - 2019-12-11 19:46:17,724 - Backprop executed
INFO  - 2019-12-11 19:46:17,724 - full_forward executed
INFO  - 2019-12-11 19:46:17,724 - Backprop executed
INFO  - 2019-12-11 19:46:17,725 - full_forward executed
INFO  - 2019-12-11 19:46:17,725 - Backprop executed
INFO  - 2019-12-11 19:46:17,725 - full_forward executed
INFO  - 2019-12-11 19:46:17,725 - Backprop executed
INFO  - 2019-12-11 19:46:17,726 - full_forward executed
INFO  - 2019-12-11 19:46:17,726 - Backprop executed
INFO  - 2019-12-11 19:46:17,726 - full_forward executed
INFO  - 2019-12-11 19:46:17,726 - Backprop executed
INFO  - 2019-12-11 19:46:17,727 - full_forward executed
INFO  - 2019-12-11 19:46:17,727 - Backprop executed
INFO  - 2019-12-11 19:46:17,727 - full_forward executed
INFO  - 2019-12-11 19:46:17,727 - Backprop executed
INFO  - 2019-12-11 19:46:17,727 - full_forward executed
INFO  - 2019-12-11 19:46:17,728 - Backprop executed
INFO  - 2019-12-11 19:46:17,728 - full_forward executed
INFO  - 2019-12-11 19:46:17,728 - Backprop executed
INFO  - 2019-12-11 19:46:17,728 - full_forward executed
INFO  - 2019-12-11 19:46:17,729 - Backprop executed
INFO  - 2019-12-11 19:46:17,729 - full_forward executed
INFO  - 2019-12-11 19:46:17,729 - Backprop executed
INFO  - 2019-12-11 19:46:17,730 - full_forward executed
INFO  - 2019-12-11 19:46:17,730 - Backprop executed
INFO  - 2019-12-11 19:46:17,730 - full_forward executed
INFO  - 2019-12-11 19:46:17,730 - Backprop executed
INFO  - 2019-12-11 19:46:17,731 - full_forward executed
INFO  - 2019-12-11 19:46:17,731 - Backprop executed
INFO  - 2019-12-11 19:46:17,731 - full_forward executed
INFO  - 2019-12-11 19:46:17,731 - Backprop executed
INFO  - 2019-12-11 19:46:17,732 - full_forward executed
INFO  - 2019-12-11 19:46:17,732 - Backprop executed
INFO  - 2019-12-11 19:46:17,732 - full_forward executed
INFO  - 2019-12-11 19:46:17,732 - Backprop executed
INFO  - 2019-12-11 19:46:17,733 - full_forward executed
INFO  - 2019-12-11 19:46:17,733 - Backprop executed
INFO  - 2019-12-11 19:46:17,733 - full_forward executed
INFO  - 2019-12-11 19:46:17,733 - Backprop executed
INFO  - 2019-12-11 19:46:17,734 - full_forward executed
INFO  - 2019-12-11 19:46:17,734 - Backprop executed
INFO  - 2019-12-11 19:46:17,734 - full_forward executed
INFO  - 2019-12-11 19:46:17,734 - Backprop executed
INFO  - 2019-12-11 19:46:17,735 - full_forward executed
INFO  - 2019-12-11 19:46:17,735 - Backprop executed
INFO  - 2019-12-11 19:46:17,735 - full_forward executed
INFO  - 2019-12-11 19:46:17,735 - Backprop executed
INFO  - 2019-12-11 19:46:17,735 - full_forward executed
INFO  - 2019-12-11 19:46:17,736 - Backprop executed
INFO  - 2019-12-11 19:46:17,736 - full_forward executed
INFO  - 2019-12-11 19:46:17,736 - Backprop executed
INFO  - 2019-12-11 19:46:17,736 - full_forward executed
INFO  - 2019-12-11 19:46:17,736 - Backprop executed
INFO  - 2019-12-11 19:46:17,737 - full_forward executed
INFO  - 2019-12-11 19:46:17,737 - Backprop executed
INFO  - 2019-12-11 19:46:17,737 - full_forward executed
INFO  - 2019-12-11 19:46:17,737 - Backprop executed
INFO  - 2019-12-11 19:46:17,738 - full_forward executed
INFO  - 2019-12-11 19:46:17,738 - Backprop executed
INFO  - 2019-12-11 19:46:17,738 - full_forward executed
INFO  - 2019-12-11 19:46:17,738 - Backprop executed
INFO  - 2019-12-11 19:46:17,739 - full_forward executed
INFO  - 2019-12-11 19:46:17,739 - Backprop executed
INFO  - 2019-12-11 19:46:17,739 - full_forward executed
INFO  - 2019-12-11 19:46:17,740 - Backprop executed
INFO  - 2019-12-11 19:46:17,740 - full_forward executed
INFO  - 2019-12-11 19:46:17,740 - Backprop executed
INFO  - 2019-12-11 19:46:17,740 - full_forward executed
INFO  - 2019-12-11 19:46:17,740 - Backprop executed
INFO  - 2019-12-11 19:46:17,741 - full_forward executed
INFO  - 2019-12-11 19:46:17,741 - Backprop executed
INFO  - 2019-12-11 19:46:17,741 - full_forward executed
INFO  - 2019-12-11 19:46:17,741 - Backprop executed
INFO  - 2019-12-11 19:46:17,742 - full_forward executed
INFO  - 2019-12-11 19:46:17,742 - Backprop executed
INFO  - 2019-12-11 19:46:17,742 - full_forward executed
INFO  - 2019-12-11 19:46:17,742 - Backprop executed
INFO  - 2019-12-11 19:46:17,742 - full_forward executed
INFO  - 2019-12-11 19:46:17,743 - Backprop executed
INFO  - 2019-12-11 19:46:17,743 - full_forward executed
INFO  - 2019-12-11 19:46:17,743 - Backprop executed
INFO  - 2019-12-11 19:46:17,743 - full_forward executed
INFO  - 2019-12-11 19:46:17,743 - Backprop executed
INFO  - 2019-12-11 19:46:17,744 - full_forward executed
INFO  - 2019-12-11 19:46:17,744 - Backprop executed
INFO  - 2019-12-11 19:46:17,744 - full_forward executed
INFO  - 2019-12-11 19:46:17,744 - Backprop executed
INFO  - 2019-12-11 19:46:17,745 - full_forward executed
INFO  - 2019-12-11 19:46:17,745 - Backprop executed
INFO  - 2019-12-11 19:46:17,745 - full_forward executed
INFO  - 2019-12-11 19:46:17,745 - Backprop executed
INFO  - 2019-12-11 19:46:17,746 - full_forward executed
INFO  - 2019-12-11 19:46:17,746 - Backprop executed
INFO  - 2019-12-11 19:46:17,746 - full_forward executed
INFO  - 2019-12-11 19:46:17,746 - Backprop executed
INFO  - 2019-12-11 19:46:17,746 - full_forward executed
INFO  - 2019-12-11 19:46:17,747 - Backprop executed
INFO  - 2019-12-11 19:46:17,747 - full_forward executed
INFO  - 2019-12-11 19:46:17,747 - Backprop executed
INFO  - 2019-12-11 19:46:17,747 - full_forward executed
INFO  - 2019-12-11 19:46:17,747 - Backprop executed
INFO  - 2019-12-11 19:46:17,748 - full_forward executed
INFO  - 2019-12-11 19:46:17,748 - Backprop executed
INFO  - 2019-12-11 19:46:17,748 - full_forward executed
INFO  - 2019-12-11 19:46:17,748 - Backprop executed
INFO  - 2019-12-11 19:46:17,749 - full_forward executed
INFO  - 2019-12-11 19:46:17,749 - Backprop executed
INFO  - 2019-12-11 19:46:17,749 - full_forward executed
INFO  - 2019-12-11 19:46:17,749 - Backprop executed
INFO  - 2019-12-11 19:46:17,749 - full_forward executed
INFO  - 2019-12-11 19:46:17,750 - Backprop executed
INFO  - 2019-12-11 19:46:17,750 - full_forward executed
INFO  - 2019-12-11 19:46:17,750 - Backprop executed
INFO  - 2019-12-11 19:46:17,750 - full_forward executed
INFO  - 2019-12-11 19:46:17,750 - Backprop executed
INFO  - 2019-12-11 19:46:17,751 - full_forward executed
INFO  - 2019-12-11 19:46:17,751 - Backprop executed
INFO  - 2019-12-11 19:46:17,751 - full_forward executed
INFO  - 2019-12-11 19:46:17,751 - Backprop executed
INFO  - 2019-12-11 19:46:17,752 - full_forward executed
INFO  - 2019-12-11 19:46:17,752 - Backprop executed
